/BATCH  
/COM,ANSYS RELEASE Release 17.0      BUILD 17.0      UP20151214       12:32:58
/input,menust,tmp,''
/GRA,POWER
/GST,ON
/PLO,INFO,3
/GRO,CURL,ON
/CPLANE,1   
/REPLOT,RESIZE  
WPSTYLE,,,,,,,,0
lab1
/COM,ANSYS RELEASE Release 17.0      BUILD 17.0      UP20151214       12:38:04
!*  
!*  
!*  
!*  
lab1
/COM,ANSYS RELEASE Release 17.0      BUILD 17.0      UP20151214       12:39:52
!*  
lab1
/COM,ANSYS RELEASE Release 17.0      BUILD 17.0      UP20151214       12:44:57
/DIST,1,0.924021086472,1
/REP,FAST   
/DIST,1,0.924021086472,1
/REP,FAST   
/DIST,1,1.08222638492,1 
/REP,FAST   
/DIST,1,1.08222638492,1 
/REP,FAST   
lab1
/COM,ANSYS RELEASE Release 17.0      BUILD 17.0      UP20151214       12:45:17
/REPLOT,RESIZE  
/REPLOT,RESIZE  
/DIST,1,0.729,1 
/REP,FAST   
/DIST,1,0.729,1 
/REP,FAST   
/DIST,1,0.729,1 
/REP,FAST   
/DIST,1,0.729,1 
/REP,FAST   
lab1
/COM,ANSYS RELEASE Release 17.0      BUILD 17.0      UP20151214       12:45:33
/REPLOT,RESIZE  
/REPLOT,RESIZE  
lab1
/COM,ANSYS RELEASE Release 17.0      BUILD 17.0      UP20151214       12:45:37
/REPLOT,RESIZE  
/DIST,1,0.729,1 
/REP,FAST   
/DIST,1,0.729,1 
/REP,FAST   
/DIST,1,0.729,1 
/REP,FAST   
/DIST,1,0.729,1 
/REP,FAST   
/DIST,1,0.729,1 
/REP,FAST   
/DIST,1,1.37174211248,1 
/REP,FAST   
/DIST,1,1.37174211248,1 
/REP,FAST   
/DIST,1,1.37174211248,1 
/REP,FAST   
/DIST,1,0.729,1 
/REP,FAST   
FINISH  
/CLEAR,START
/COM,ANSYS RELEASE Release 17.0      BUILD 17.0      UP20151214       12:46:12
/input,start,ans,'C:\Program Files\ANSYS Inc\v170\ANSYS\apdl\'  
!*  
lab1
/COM,ANSYS RELEASE Release 17.0      BUILD 17.0      UP20151214       12:54:53
lab1
/COM,ANSYS RELEASE Release 17.0      BUILD 17.0      UP20151214       12:55:07
NPLOT   
/PNUM,KP,0  
/PNUM,LINE,0
/PNUM,AREA,0
/PNUM,VOLU,0
/PNUM,NODE,1
/PNUM,TABN,0
/PNUM,SVAL,0
/NUMBER,0   
!*  
/PNUM,ELEM,0
/REPLOT 
!*  
/PNUM,KP,0  
/PNUM,LINE,0
/PNUM,AREA,0
/PNUM,VOLU,0
/PNUM,NODE,1
/PNUM,TABN,0
/PNUM,SVAL,0
/NUMBER,0   
!*  
/PNUM,ELEM,0
/REPLOT 
!*  
GPLOT   
ESHAPE,1,ON 
/eshape,1,on
GPLOT   
nlist   
/REPLOT,RESIZE  
/REPLOT,RESIZE  
elist   
lab1
/COM,ANSYS RELEASE Release 17.0      BUILD 17.0      UP20151214       13:06:42
SET,LIST,999
SET,,, ,,, ,1   
PLDISP,0
SET,NEXT
PLDISP,2
SET,LIST,999
SET,,, ,,, ,3   
PLDISP,2
SET,NEXT
PLDISP,2
SET,NEXT
PLDISP,2
lab1
/COM,ANSYS RELEASE Release 17.0      BUILD 17.0      UP20151214       13:10:07
SET,LIST,999
SET,,, ,,, ,6   
PLDISP,2
SET,LIST,999
SET,,, ,,, ,5   
PLDISP,2
lab1
/COM,ANSYS RELEASE Release 17.0      BUILD 17.0      UP20151214       13:15:46
SET,LIST,999
*get,x,mode,6,freq  
/BATCH  
/COM,ANSYS RELEASE Release 17.0      BUILD 17.0      UP20151214       14:01:49
/input,menust,tmp,''
/GRA,POWER
/GST,ON
/PLO,INFO,3
/GRO,CURL,ON
/CPLANE,1   
/REPLOT,RESIZE  
WPSTYLE,,,,,,,,0
/PREP7  
lab1a   
/COM,ANSYS RELEASE Release 17.0      BUILD 17.0      UP20151214       14:04:16
lab1
/COM,ANSYS RELEASE Release 17.0      BUILD 17.0      UP20151214       14:04:30
FINISH  
/PREP7  
!*  
/REPLOT,RESIZE  
lab1a   
/COM,ANSYS RELEASE Release 17.0      BUILD 17.0      UP20151214       14:13:26
GPLOT   
vlist   
alist   
lab1a   
/COM,ANSYS RELEASE Release 17.0      BUILD 17.0      UP20151214       14:16:53
lab1a   
/COM,ANSYS RELEASE Release 17.0      BUILD 17.0      UP20151214       14:17:14
lab1a   
/COM,ANSYS RELEASE Release 17.0      BUILD 17.0      UP20151214       14:17:38
lab1a   
/COM,ANSYS RELEASE Release 17.0      BUILD 17.0      UP20151214       14:17:43
GPLOT   
/DIST,1,1.08222638492,1 
/REP,FAST   
/DIST,1,1.08222638492,1 
/REP,FAST   
/DIST,1,1.08222638492,1 
/REP,FAST   
/DIST,1,0.924021086472,1
/REP,FAST   
/DIST,1,0.924021086472,1
/REP,FAST   
/DIST,1,0.924021086472,1
/REP,FAST   
/DIST,1,1.08222638492,1 
/REP,FAST   
/DIST,1,1.08222638492,1 
/REP,FAST   
/DIST,1,1.08222638492,1 
/REP,FAST   
/DIST,1,1.08222638492,1 
/REP,FAST   
/DIST,1,1.08222638492,1 
/REP,FAST   
/DIST,1,1.08222638492,1 
/REP,FAST   
/DIST,1,1.08222638492,1 
/REP,FAST   
/DIST,1,1.08222638492,1 
/REP,FAST   
/DIST,1,1.08222638492,1 
/REP,FAST   
/DIST,1,1.08222638492,1 
/REP,FAST   
/DIST,1,1.08222638492,1 
/REP,FAST   
/DIST,1,1.08222638492,1 
/REP,FAST   
/DIST,1,0.924021086472,1
/REP,FAST   
/DIST,1,0.924021086472,1
/REP,FAST   
/DIST,1,0.924021086472,1
/REP,FAST   
/DIST,1,0.924021086472,1
/REP,FAST   
/DIST,1,0.924021086472,1
/REP,FAST   
/DIST,1,0.924021086472,1
/REP,FAST   
/DIST,1,0.924021086472,1
/REP,FAST   
/DIST,1,0.924021086472,1
/REP,FAST   
/DIST,1,0.924021086472,1
/REP,FAST   
/DIST,1,0.924021086472,1
/REP,FAST   
/DIST,1,0.924021086472,1
/REP,FAST   
/DIST,1,0.924021086472,1
/REP,FAST   
/DIST,1,0.924021086472,1
/REP,FAST   
/DIST,1,1.08222638492,1 
/REP,FAST   
/DIST,1,1.08222638492,1 
/REP,FAST   
/DIST,1,1.08222638492,1 
/REP,FAST   
/DIST,1,1.08222638492,1 
/REP,FAST   
/DIST,1,1.08222638492,1 
/REP,FAST   
/DIST,1,1.08222638492,1 
/REP,FAST   
/DIST,1,0.924021086472,1
/REP,FAST   
/DIST,1,0.924021086472,1
/REP,FAST   
/USER,  1   
/DIST,  1,  0.184254063237  
/ANG,   1,  -2.10000000000  
/REPLO  
/DIST,  1,  0.209748469915  
/ANG,   1,  -37.2000000000  
/REPLO  
/DIST,  1,  0.186009552974  
/ANG,   1,  -68.1000000000  
/REPLO  
/FOC,   1,  0.161597756900E-01, -0.318832257850E-02,   0.00000000000
/REPLO  
/DIST,  1,  0.222379226372  
/ANG,   1,   39.3000000000  
/REPLO  
/ZOOM,1,BACK
/ANG,1,30,XS,1  
/REP,FAST   
/ANG,1,-30,XS,1 
/REP,FAST   
/ANG,1,30,XS,1  
/REP,FAST   
/ANG,1,30,XS,1  
/REP,FAST   
/ANG,1,30,YS,1  
/REP,FAST   
/ANG,1,30,YS,1  
/REP,FAST   
/ANG,1,30,YS,1  
/REP,FAST   
/ANG,1,30,YS,1  
/REP,FAST   
/ANG,1,30,YS,1  
/REP,FAST   
/ANG,1,30,YS,1  
/REP,FAST   
/ANG,1,30,YS,1  
/REP,FAST   
/ANG,1,30,YS,1  
/REP,FAST   
/ANG,1,30,YS,1  
/REP,FAST   
/ANG,1,30,YS,1  
/REP,FAST   
/ANG,1,30,YS,1  
/REP,FAST   
/ANG,1,30,YS,1  
/REP,FAST   
/ANG,1,30,YS,1  
/REP,FAST   
/ANG,1,30,YS,1  
/REP,FAST   
/ANG,1,30,YS,1  
/REP,FAST   
/ANG,1,30,YS,1  
/REP,FAST   
/ANG,1,30,YS,1  
/REP,FAST   
/ANG,1,30,YS,1  
/REP,FAST   
/ANG,1,-30,YS,1 
/REP,FAST   
/ANG,1,-30,YS,1 
/REP,FAST   
/ANG,1,-30,YS,1 
/REP,FAST   
/ANG,1,-30,YS,1 
/REP,FAST   
/ANG,1,-30,YS,1 
/REP,FAST   
/ANG,1,-30,YS,1 
/REP,FAST   
/ANG,1,-30,YS,1 
/REP,FAST   
/ANG,1,-30,YS,1 
/REP,FAST   
/ANG,1,-30,YS,1 
/REP,FAST   
/ANG,1,-30,YS,1 
/REP,FAST   
/ANG,1,-30,YS,1 
/REP,FAST   
/ANG,1,-30,YS,1 
/REP,FAST   
/ANG,1,-30,YS,1 
/REP,FAST   
/ANG,1,-30,YS,1 
/REP,FAST   
/ANG,1,-30,YS,1 
/REP,FAST   
/ANG,1,-30,YS,1 
/REP,FAST   
/ANG,1,30,XS,1  
/REP,FAST   
/ANG,1,30,XS,1  
/REP,FAST   
/ANG,1,30,XS,1  
/REP,FAST   
/ANG,1,30,XS,1  
/REP,FAST   
/ANG,1,30,XS,1  
/REP,FAST   
/ANG,1,30,XS,1  
/REP,FAST   
/ANG,1,30,XS,1  
/REP,FAST   
/ANG,1,30,XS,1  
/REP,FAST   
/ANG,1,30,XS,1  
/REP,FAST   
/ANG,1,30,XS,1  
/REP,FAST   
/ANG,1,30,XS,1  
/REP,FAST   
/ANG,1,30,XS,1  
/REP,FAST   
/ANG,1,30,XS,1  
/REP,FAST   
/ANG,1,30,XS,1  
/REP,FAST   
/ANG,1,30,XS,1  
/REP,FAST   
/ANG,1,30,XS,1  
/REP,FAST   
/ANG,1,30,XS,1  
/REP,FAST   
/ANG,1,30,XS,1  
/REP,FAST   
/ANG,1,-30,YS,1 
/REP,FAST   
/ANG,1,-30,YS,1 
/REP,FAST   
/ANG,1,-30,YS,1 
/REP,FAST   
/ANG,1,30,YS,1  
/REP,FAST   
/ANG,1,30,YS,1  
/REP,FAST   
/ANG,1,30,YS,1  
/REP,FAST   
/ANG,1,30,YS,1  
/REP,FAST   
/ANG,1,30,YS,1  
/REP,FAST   
/ANG,1,30,YS,1  
/REP,FAST   
/ANG,1,30,YS,1  
/REP,FAST   
/ANG,1,30,YS,1  
/REP,FAST   
/ANG,1,30,YS,1  
/REP,FAST   
/ANG,1,30,YS,1  
/REP,FAST   
/ANG,1,30,YS,1  
/REP,FAST   
/ANG,1,30,YS,1  
/REP,FAST   
/ANG,1,30,ZS,1  
/REP,FAST   
/ANG,1,30,ZS,1  
/REP,FAST   
/ANG,1,30,ZS,1  
/REP,FAST   
/ANG,1,30,ZS,1  
/REP,FAST   
/ANG,1,30,ZS,1  
/REP,FAST   
/ANG,1,30,ZS,1  
/REP,FAST   
/ANG,1,30,ZS,1  
/REP,FAST   
/ANG,1,30,ZS,1  
/REP,FAST   
/ANG,1,30,ZS,1  
/REP,FAST   
/ANG,1,30,ZS,1  
/REP,FAST   
/ANG,1,30,ZS,1  
/REP,FAST   
/ANG,1,30,XS,1  
/REP,FAST   
/ANG,1,30,XS,1  
/REP,FAST   
/ANG,1,30,XS,1  
/REP,FAST   
/VIEW,1,1,1,1   
/ANG,1  
/REP,FAST   
/VIEW,1,1,1,1   
/ANG,1  
/REP,FAST   
/VIEW,1,1,1,1   
/ANG,1  
/REP,FAST   
/VIEW,1,1,2,3   
/ANG,1  
/REP,FAST   
/VIEW,1,1,1,1   
/ANG,1  
/REP,FAST   
/VIEW,1,1,1,1   
/ANG,1  
/REP,FAST   
/ZOOM,1,RECT,0.382288,0.128947 ,0.296301568274 ,0.0601754358637 
/DIST,1,0.924021086472,1
/REP,FAST   
/DIST,1,0.924021086472,1
/REP,FAST   
/DIST,1,1.08222638492,1 
/REP,FAST   
/DIST,1,1.08222638492,1 
/REP,FAST   
/DIST,1,1.08222638492,1 
/REP,FAST   
/DIST,1,1.08222638492,1 
/REP,FAST   
/DIST,1,1.08222638492,1 
/REP,FAST   
/DIST,1,1.08222638492,1 
/REP,FAST   
/DIST,1,1.08222638492,1 
/REP,FAST   
/DIST,1,1.08222638492,1 
/REP,FAST   
/DIST,1,1.08222638492,1 
/REP,FAST   
/DIST,1,1.08222638492,1 
/REP,FAST   
/VIEW,1,1,1,1   
/ANG,1  
/REP,FAST   
/VIEW,1,1,1,1   
/ANG,1  
/REP,FAST   
/AUTO,1 
/REP,FAST   
/DIST,1,1.08222638492,1 
/REP,FAST   
/DIST,1,1.08222638492,1 
/REP,FAST   
/DIST,1,1.08222638492,1 
/REP,FAST   
/DIST,1,0.924021086472,1
/REP,FAST   
/USER,  1   
/DIST,  1,  0.172221449554  
/ANG,   1,   1.80000000000  
/REPLO  
/DIST,  1,  0.167921165449  
/ANG,   1,  -6.00000000000  
/REPLO  
/DIST,  1,  0.171406841661  
/ANG,   1,   1.20000000000  
/REPLO  
/DIST,  1,  0.173313618781  
/ANG,   1,   6.00000000000  
/REPLO  
/DIST,  1,  0.173039928856  
/ANG,   1,   5.70000000000  
/REPLO  
/DIST,  1,  0.176074439964  
/ANG,   1,   4.50000000000  
/REPLO  
/DIST,  1,  0.184623590038  
/ANG,   1,   23.4000000000  
/REPLO  
/ANG,   1,  -24.3000000000  
/REPLO  
/DIST,  1,  0.185208074522  
/ANG,   1,   12.6000000000  
/REPLO  
/DIST,1,0.924021086472,1
/REP,FAST   
/DIST,1,0.924021086472,1
/REP,FAST   
/DIST,1,0.924021086472,1
/REP,FAST   
/DIST,1,1.08222638492,1 
/REP,FAST   
/DIST,1,1.08222638492,1 
/REP,FAST   
/DIST,1,1.08222638492,1 
/REP,FAST   
/VIEW,  1,  0.985433232759    ,  0.103155594132    , -0.135204538291
/ANG,   1,   34.7109479067  
/REPLO  
/VIEW,  1,  0.950438292839    , -0.168517839600    ,  0.261282967762
/ANG,   1,   36.5716204196  
/REPLO  
/VIEW,  1,  0.449178965950    , -0.297502370596    ,  0.842455100310
/ANG,   1,   46.6382315970  
/REPLO  
/VIEW,  1,  0.762440275496E-01,  0.976798069725    ,  0.200130905272
/ANG,   1,   30.0589360478  
/REPLO  
/VIEW,  1, -0.559720053974    ,  0.828330701724    ,  0.241186600079E-01
/ANG,   1,  -78.4111677640  
/REPLO  
/VIEW,  1, -0.244216330362    ,  0.693601850603    ,  0.677698204826
/ANG,   1,  -22.6051209067  
/REPLO  
/VIEW,  1,  0.548619016578    ,  0.478051422809    ,  0.685918371091
/ANG,   1,   13.4761151502  
/REPLO  
/VIEW,  1,  0.656543177164    ,  0.637272800969    ,  0.403527488116
/ANG,   1,   24.1606640389  
/REPLO  
/VIEW,  1,  0.899413499525    ,  0.431268393350    , -0.711542673957E-01
/ANG,   1,   45.1468211486  
/REPLO  
/VIEW,  1,  0.962037147303    , -0.508808736803E-01,  0.268133667977
/ANG,   1,   44.3426674255  
/REPLO  
/VIEW,  1,  0.324795377590    ,  0.112595471248    ,  0.939058157171
/ANG,   1,   44.8477647565  
/REPLO  
/VIEW,  1, -0.750174523606    , -0.808188057497E-03,  0.661239390058
/ANG,   1,   38.0559191552  
/REPLO  
/VIEW,  1,  0.783841624366    ,  0.334126089095    , -0.523404303094
/ANG,   1,  -48.0961312603  
/REPLO  
/VIEW,  1,  0.468232227975    ,  0.652924580456    ,  0.595355417311
/ANG,   1,  -101.386638956  
/REPLO  
/VIEW,  1, -0.167637158751    ,  0.973580372188    ,  0.155045289824
/ANG,   1,  -177.264480129  
/REPLO  
/VIEW,  1, -0.168268032650    , -0.245070492256    , -0.954791245778
/ANG,   1,   82.3474730686  
/REPLO  
/VIEW,  1,  0.492570316738    , -0.400552834934    , -0.772613687101
/ANG,   1,   98.1754951883  
/REPLO  
/VIEW,  1,  0.857711308225    , -0.111977494039    , -0.501789151508
/ANG,   1,   104.644284587  
/REPLO  
/VIEW,  1,  0.772349336231    ,  0.560703359463    , -0.298476540972
/ANG,   1,   97.6132066411  
/REPLO  
/VIEW,  1,  0.705893848881    , -0.669990833937    , -0.229839414706
/ANG,   1,   94.6190556834  
/REPLO  
/VIEW,  1, -0.509048975764    , -0.479638171670    , -0.714714183818
/ANG,   1,  -1.18360257860  
/REPLO  
/VIEW,  1, -0.137266147283    ,  0.280190950992    , -0.950079489197
/ANG,   1,   2.22890584257  
/REPLO  
/VIEW,  1,  0.316241356403    ,  0.948344576644    ,  0.251787301104E-01
/ANG,   1,  -89.8304703312  
/REPLO  
/VIEW,  1,  0.489694352878    ,  0.220756079614    ,  0.843484554733
/ANG,   1,  -139.887001210  
/REPLO  
/VIEW,  1,  0.979339249784    ,  0.202219799582    ,  0.133659596854E-02
/ANG,   1,  -127.072866155  
/REPLO  
/VIEW,  1,  0.903688364497    , -0.269783766242    , -0.332511743168
/ANG,   1,  -128.094530981  
/REPLO  
/REPLOT,RESIZE  
/REPLOT,RESIZE  
/REPLOT,RESIZE  
/REPLOT,RESIZE  
/FOC,   1,  0.657550985334E-02,  0.405398222179E-01, -0.150213466990E-01
/REPLO  
/FOC,   1, -0.342318176994E-02, -0.158678971081E-02, -0.801595578320E-02
/REPLO  
/FOC,   1, -0.395480534480E-03,  0.100274008247E-01, -0.921056528206E-02
/REPLO  
/FOC,   1,  0.164368834310E-02,  0.115349064229E-01, -0.489170232604E-02
/REPLO  
/FOC,   1,  0.310577206470E-02,  0.104133978340E-01, -0.816695774766E-05
/REPLO  
/VIEW,1,1,1,1   
/ANG,1  
/REP,FAST   
/FOC,   1,  0.526664317423E-02,  0.104133978340E-01, -0.216903806728E-02
/REPLO  
/DIST,  1,  0.186088272524  
/ANG,   1,  -2.10000000000  
/REPLO  
/DIST,  1,  0.183170435927  
/ANG,   1,  -2.10000000000  
/REPLO  
/DIST,  1,  0.176352929448  
/ANG,   1,  -13.5000000000  
/REPLO  
/DIST,  1,  0.178314728216  
/ANG,   1,  -6.60000000000  
/REPLO  
/VIEW,  1,  0.447873757972    ,  0.412631591110    ,  0.793186148983
/ANG,   1,  -14.9783419495  
/REPLO  
/VIEW,  1,  0.735951591224    ,  0.116300125569    ,  0.666970416262
/ANG,   1,  -10.4795486234  
/REPLO  
/VIEW,  1,  0.783622459497    ,  0.493721548385    ,  0.377060835453
/ANG,   1,  -7.68982711025  
/REPLO  
/VIEW,  1,  0.770343931245    ,  0.604909780722    , -0.201629325200
/ANG,   1,   14.7157866763  
/REPLO  
/VIEW,  1,  0.817107471318    , -0.513465207338    ,  0.262085598938
/ANG,   1,   23.4951574759  
/REPLO  
/VIEW,  1,  0.855216149909    ,  0.111081327652    ,  0.506227493901
/ANG,   1,   25.5049356565  
/REPLO  
/VIEW,  1,  0.613875023165    ,  0.677990450837    ,  0.404334520550
/ANG,   1,   24.5606547718  
/REPLO  
lab1a   
/COM,ANSYS RELEASE Release 17.0      BUILD 17.0      UP20151214       14:25:58
GPLOT   
/USER,  1   
/REPLO  
/ANG,   1, -0.299999999999  
/REPLO  
/ANG,   1,  -11.4000000000  
/REPLO  
/VIEW,  1, -0.760846663731    , -0.576656882629    , -0.297622569717
/ANG,   1,  -25.1760715640  
/REPLO  
/VIEW,  1, -0.318279243553    , -0.590431690585    , -0.741679676057
/ANG,   1,   2.46939286840  
/REPLO  
/VIEW,  1, -0.298769561370    ,  0.352620095615    , -0.886789612798
/ANG,   1,   1.01421562552  
/REPLO  
/VIEW,  1,  0.718235958435E-01, -0.206234531918    , -0.975863048242
/ANG,   1,  -1.36173539267  
/REPLO  
lplot   
/DIST,  1,  0.208915194697  
/ANG,   1,  -3.76173539267  
/REPLO  
/VIEW,  1, -0.172448151917    , -0.670009086287    , -0.722045330428
/ANG,   1,  -1.17473618424  
/REPLO  
lsel,s,lock,z,-h1   
lplot   
lab1a   
/COM,ANSYS RELEASE Release 17.0      BUILD 17.0      UP20151214       14:29:47
lab1a   
/COM,ANSYS RELEASE Release 17.0      BUILD 17.0      UP20151214       14:29:53
GPLOT   
lab1a   
/COM,ANSYS RELEASE Release 17.0      BUILD 17.0      UP20151214       14:31:09
GPLOT   
lab1a   
/COM,ANSYS RELEASE Release 17.0      BUILD 17.0      UP20151214       14:31:19
GPLOT   
/USER,  1   
/VIEW,  1, -0.720003665262    , -0.482099675874    , -0.499173942160
/ANG,   1,  -5.45834450512  
/REPLO  
/VIEW,  1, -0.231383066702    , -0.658983486929    , -0.715683338075
/ANG,   1,   15.0877643397  
/REPLO  
/VIEW,  1, -0.421866739730E-01, -0.744220264009    , -0.666600692453
/ANG,   1,   25.1118420655  
/REPLO  
/VIEW,  1, -0.327700357263    , -0.776022166060    , -0.538889667403
/ANG,   1,   3.67125956954  
/REPLO  
!*  
/PSF,DEFA, ,1,0,1   
/PBF,DEFA, ,1   
/PSYMB,CS,0 
/PSYMB,NDIR,0   
/PSYMB,ESYS,0   
/PSYMB,LDIV,0   
/PSYMB,LDIR,0   
/PSYMB,ADIR,0   
/PSYMB,ECON,0   
/PSYMB,XNODE,0  
/PSYMB,DOT,1
/PSYMB,PCONV,   
/PSYMB,LAYR,0   
/PSYMB,FBCS,0   
!*  
/PBC,ALL, ,1
/REP
!*  
lab1a   
/COM,ANSYS RELEASE Release 17.0      BUILD 17.0      UP20151214       14:32:49
GPLOT   
/USER,  1   
/VIEW,  1, -0.859372181009    , -0.344350975201    , -0.378023624112
/ANG,   1,  -10.2290414510  
/REPLO  
/VIEW,  1, -0.647826361982    , -0.758622784079    , -0.693720130680E-01
/ANG,   1,  -20.8232224504  
/REPLO  
/VIEW,  1, -0.314138320754    , -0.572352207575    , -0.757449711808
/ANG,   1,   21.9301974055  
/REPLO  
/VIEW,  1, -0.720278435535    , -0.689153314416    ,  0.791623934286E-01
/ANG,   1,  -28.9318094720  
/REPLO  
/VIEW,  1, -0.396826202249    , -0.252296927189E-01,  0.917546962184
/ANG,   1,  -55.3765265108  
/REPLO  
/VIEW,  1, -0.798067680094    , -0.580443452339    ,  0.161781879785
/ANG,   1,  -34.7554395757  
/REPLO  
/VIEW,  1, -0.482773554971    , -0.379995007365    , -0.789007914408
/ANG,   1,   3.24688470547  
/REPLO  
/VIEW,  1, -0.322679551789    , -0.706140955123    , -0.630272051067
/ANG,   1,   6.03456845874  
/REPLO  
/VIEW,  1, -0.301184302029    , -0.922613007693E-01, -0.949092128611
/ANG,   1,   8.79999085317  
/REPLO  
/VIEW,  1,  0.138258777973E-01,  0.422782896745    , -0.906125525147
/ANG,   1,   3.76023095450  
/REPLO  
/VIEW,  1,  0.590193249324    ,  0.758062070085    , -0.277513650747
/ANG,   1,  -35.5546076908  
/REPLO  
/VIEW,  1,  0.570735469800    ,  0.447682800125    ,  0.688361194420
/ANG,   1,  -90.6445716736  
/REPLO  
/VIEW,  1,  0.294364799283E-01, -0.590406915175    ,  0.806568762204
/ANG,   1,  -86.6883038446  
/REPLO  
/VIEW,  1, -0.134458975205    , -0.980566067653    ,  0.142866969432
/ANG,   1,  -46.3276277826  
/REPLO  
/VIEW,  1, -0.763392069718E-01, -0.542016469085    ,  0.836893346084
/ANG,   1,  -80.7228967087  
/REPLO  
/DIST,1,0.924021086472,1
/REP,FAST   
/DIST,1,0.924021086472,1
/REP,FAST   
/DIST,1,0.924021086472,1
/REP,FAST   
/DIST,1,0.924021086472,1
/REP,FAST   
/DIST,1,0.924021086472,1
/REP,FAST   
/DIST,1,0.924021086472,1
/REP,FAST   
/DIST,1,0.924021086472,1
/REP,FAST   
/DIST,1,0.924021086472,1
/REP,FAST   
/VIEW,  1, -0.781729296978E-01, -0.338846700571E-01,  0.996363800124
/ANG,   1,  -81.0253610350  
/REPLO  
/VIEW,  1, -0.585917660571    ,  0.449776723947    ,  0.674093015560
/ANG,   1,  -91.0178178628  
/REPLO  
/VIEW,  1, -0.753700955991    ,  0.457491973483    ,  0.471843155230
/ANG,   1,  -98.9043648327  
/REPLO  
/VIEW,  1, -0.886228993407    , -0.638047861399E-01,  0.458832344665
/ANG,   1,  -99.9216241042  
/REPLO  
/VIEW,  1, -0.750553661616    , -0.484231786548    ,  0.449654064735
/ANG,   1,  -100.906587278  
/REPLO  
/VIEW,  1, -0.874113230441    , -0.485504817155    ,  0.145304124962E-01
/ANG,   1,  -86.0759256864  
/REPLO  
/VIEW,  1, -0.632006421845    , -0.773361013240    , -0.498058826498E-01
/ANG,   1,  -82.7614655065  
/REPLO  
/VIEW,  1, -0.224128990725    , -0.897099425083    , -0.380760839679
/ANG,   1,  -34.4827565644  
/REPLO  
/VIEW,  1, -0.171904814019    , -0.756097219123    , -0.631479002146
/ANG,   1,  -21.6523778907  
/REPLO  
/DIST,1,1.08222638492,1 
/REP,FAST   
/DIST,1,1.08222638492,1 
/REP,FAST   
/DIST,1,1.08222638492,1 
/REP,FAST   
/DIST,1,1.08222638492,1 
/REP,FAST   
/DIST,1,0.924021086472,1
/REP,FAST   
/DIST,1,0.924021086472,1
/REP,FAST   
/DIST,1,0.924021086472,1
/REP,FAST   
/DIST,1,0.924021086472,1
/REP,FAST   
/VIEW,  1, -0.886966736109    , -0.394614647782    , -0.239936009785
/ANG,   1,  -59.1004161979  
/REPLO  
/VIEW,  1, -0.992794820501    , -0.692202808542E-01, -0.978110275215E-01
/ANG,   1,  -61.2482759966  
/REPLO  
/DIST,1,0.924021086472,1
/REP,FAST   
/DIST,1,0.924021086472,1
/REP,FAST   
/DIST,1,0.924021086472,1
/REP,FAST   
/DIST,1,0.924021086472,1
/REP,FAST   
/DIST,1,0.924021086472,1
/REP,FAST   
/VIEW,  1, -0.921888051123    ,  0.385969383236    ,  0.339124815047E-01
/ANG,   1,  -60.3134377100  
/REPLO  
/DIST,1,1.08222638492,1 
/REP,FAST   
/DIST,1,1.08222638492,1 
/REP,FAST   
/DIST,1,1.08222638492,1 
/REP,FAST   
/VIEW,  1, -0.742063303003    ,  0.433159149929    , -0.511581083670
/ANG,   1,  -76.5421642880  
/REPLO  
/DIST,1,1.08222638492,1 
/REP,FAST   
/DIST,1,1.08222638492,1 
/REP,FAST   
/DIST,1,1.08222638492,1 
/REP,FAST   
/DIST,1,1.08222638492,1 
/REP,FAST   
/DIST,1,1.08222638492,1 
/REP,FAST   
/DIST,1,1.08222638492,1 
/REP,FAST   
/VIEW,  1, -0.744208843084    ,  0.108547722857    , -0.659067970499
/ANG,   1,  -78.7274578494  
/REPLO  
/VIEW,  1, -0.692989479498    ,  0.283433198346E-01, -0.720390336918
/ANG,   1,  -79.0512332894  
/REPLO  
/DIST,1,1.08222638492,1 
/REP,FAST   
/DIST,1,1.08222638492,1 
/REP,FAST   
/DIST,1,1.08222638492,1 
/REP,FAST   
/VIEW,  1, -0.638583542267    , -0.859270151474E-01, -0.764740222307
/ANG,   1,  -78.9081305836  
/REPLO  
/UI,MESH,OFF
lab1a   
/COM,ANSYS RELEASE Release 17.0      BUILD 17.0      UP20151214       14:36:02
GPLOT   
/DIST,1,0.924021086472,1
/REP,FAST   
/DIST,1,0.924021086472,1
/REP,FAST   
/DIST,1,0.924021086472,1
/REP,FAST   
/DIST,1,1.08222638492,1 
/REP,FAST   
/DIST,1,1.08222638492,1 
/REP,FAST   
/DIST,1,0.924021086472,1
/REP,FAST   
/DIST,1,0.924021086472,1
/REP,FAST   
/DIST,1,0.924021086472,1
/REP,FAST   
/DIST,1,0.924021086472,1
/REP,FAST   
/USER,  1   
/VIEW,  1, -0.727101962726    , -0.493754781599    , -0.476999949107
/ANG,   1,  -6.29792890717  
/REPLO  
/VIEW,  1, -0.679988616351E-01, -0.736282665653    , -0.673248832955
/ANG,   1,   26.5604787865  
/REPLO  
/VIEW,  1,  0.643393880957    , -0.523799884817    , -0.558281286282
/ANG,   1,   62.0970500770  
/REPLO  
/VIEW,  1,  0.996548487871    , -0.706520421104E-02, -0.827115119606E-01
/ANG,   1,   69.2282920866  
/REPLO  
/VIEW,  1,  0.718480865393    ,  0.670192348789    ,  0.186084555216
/ANG,   1,   62.0697917582  
/REPLO  
/VIEW,  1,  0.196139975791    ,  0.940136365868    ,  0.278698265997
/ANG,   1,   27.4909769466  
/REPLO  
/VIEW,  1, -0.381117491087    ,  0.868066753493    ,  0.318134514738
/ANG,   1,  -52.4856476762  
/REPLO  
/VIEW,  1, -0.898317015771    ,  0.408221128501    ,  0.162425519615
/ANG,   1,  -72.8575198572  
/REPLO  
/VIEW,  1, -0.991044371121    ,  0.607073510838E-01,  0.118935579179
/ANG,   1,  -73.9494400197  
/REPLO  
/VIEW,  1, -0.893724282633    ,  0.881377839843E-01,  0.439873433690
/ANG,   1,  -71.7832396011  
/REPLO  
/VIEW,  1, -0.785541078188    ,  0.621348045165E-01,  0.615682126220
/ANG,   1,  -70.7356844731  
/REPLO  
/VIEW,  1, -0.637792032013    ,  0.823463969452E-02,  0.770164602283
/ANG,   1,  -70.2336845855  
/REPLO  
/VIEW,  1, -0.412790716390    , -0.104386779490E-01,  0.910766083286
/ANG,   1,  -69.9375359400  
/REPLO  
/VIEW,  1, -0.192894964281    ,  0.265784301274E-01,  0.980859378202
/ANG,   1,  -69.3675271601  
/REPLO  
/DIST,1,0.924021086472,1
/REP,FAST   
/DIST,1,0.924021086472,1
/REP,FAST   
/DIST,1,0.924021086472,1
/REP,FAST   
/DIST,1,0.924021086472,1
/REP,FAST   
/DIST,1,0.924021086472,1
/REP,FAST   
/DIST,1,0.924021086472,1
/REP,FAST   
/DIST,1,0.924021086472,1
/REP,FAST   
/DIST,1,0.924021086472,1
/REP,FAST   
/DIST,1,0.924021086472,1
/REP,FAST   
/DIST,1,0.924021086472,1
/REP,FAST   
/DIST,1,0.924021086472,1
/REP,FAST   
/DIST,1,1.08222638492,1 
/REP,FAST   
/DIST,1,1.08222638492,1 
/REP,FAST   
/DIST,1,1.08222638492,1 
/REP,FAST   
/DIST,1,1.08222638492,1 
/REP,FAST   
lab1a   
/COM,ANSYS RELEASE Release 17.0      BUILD 17.0      UP20151214       14:36:40
GPLOT   
/PNUM,KP,0  
/PNUM,LINE,0
/PNUM,AREA,0
/PNUM,VOLU,0
/PNUM,NODE,0
/PNUM,TABN,0
/PNUM,SVAL,0
/NUMBER,0   
!*  
/PNUM,ELEM,0
/REPLOT 
!*  
!*  
/PSF,DEFA, ,1,0,1   
/PBF,DEFA, ,1   
/PSYMB,CS,0 
/PSYMB,NDIR,0   
/PSYMB,ESYS,0   
/PSYMB,LDIV,0   
/PSYMB,LDIR,0   
/PSYMB,ADIR,0   
/PSYMB,ECON,0   
/PSYMB,XNODE,0  
/PSYMB,DOT,1
/PSYMB,PCONV,   
/PSYMB,LAYR,0   
/PSYMB,FBCS,0   
!*  
/PBC,ALL, ,1
/REP
!*  
FINISH  
/POST1  
FINISH  
/SOL
FINISH  
/PREP7  
! laba1 
lab1a   
/COM,ANSYS RELEASE Release 17.0      BUILD 17.0      UP20151214       14:41:07
GPLOT   
/USER,  1   
/VIEW,  1, -0.786958413934    , -0.534673630835    , -0.307929477687
/ANG,   1,  -13.3406471808  
/REPLO  
/VIEW,  1, -0.638967408014    , -0.529310038864    , -0.558168016151
/ANG,   1,  -2.78404631670  
/REPLO  
/VIEW,  1, -0.160653016713    ,  0.112705498352    , -0.980554985129
/ANG,   1,   8.38055621693  
/REPLO  
/VIEW,  1,  0.622510770723    ,  0.657493245530    , -0.424479649001
/ANG,   1,  -23.7702030268  
/REPLO  
/VIEW,  1,  0.857867475263    ,  0.476314299570    ,  0.192842119133
/ANG,   1,  -51.7698385516  
/REPLO  
/VIEW,  1,  0.795218158566    ,  0.172901576596    ,  0.581148109433
/ANG,   1,  -59.5609433041  
/REPLO  
/VIEW,  1,  0.222047323622    , -0.317103141261    ,  0.922030684888
/ANG,   1,  -56.1608787745  
/REPLO  
/VIEW,  1,  0.264289786253    , -0.617713313503    ,  0.740662656817
/ANG,   1,  -59.7837631805  
/REPLO  
/VIEW,  1,  0.266681653983    , -0.921101376035    ,  0.283642645763
/ANG,   1,  -79.2543134613  
/REPLO  
/VIEW,  1, -0.263369827441E-01, -0.985631933469    , -0.166841406928
/ANG,   1,   135.102326969  
/REPLO  
/DIST,1,0.924021086472,1
/REP,FAST   
/DIST,1,0.924021086472,1
/REP,FAST   
/DIST,1,0.924021086472,1
/REP,FAST   
/DIST,1,0.924021086472,1
/REP,FAST   
/DIST,1,0.924021086472,1
/REP,FAST   
/DIST,1,0.924021086472,1
/REP,FAST   
/DIST,1,0.924021086472,1
/REP,FAST   
/DIST,1,0.924021086472,1
/REP,FAST   
/VIEW,  1, -0.141864718796    , -0.985308513657    , -0.950869837333E-01
/ANG,   1,   88.6701842947  
/REPLO  
/DIST,1,0.924021086472,1
/REP,FAST   
/DIST,1,0.924021086472,1
/REP,FAST   
/DIST,1,0.924021086472,1
/REP,FAST   
/DIST,1,1.08222638492,1 
/REP,FAST   
/DIST,1,1.08222638492,1 
/REP,FAST   
/DIST,1,1.08222638492,1 
/REP,FAST   
/VIEW,  1, -0.682958947546    , -0.281515498735    , -0.674029747073
/ANG,   1,   93.4541566184  
/REPLO  
/VIEW,  1, -0.218309356077    ,  0.122400342693    , -0.968173115284
/ANG,   1,   93.8804846827  
/REPLO  
/VIEW,  1,  0.906787437312E-01,  0.241453661711    , -0.966166390785
/ANG,   1,   89.9912415844  
/REPLO  
/VIEW,  1,  0.428090716899    ,  0.104365000281E-01, -0.903675504577
/ANG,   1,   88.0528757093  
/REPLO  
/VIEW,  1,  0.613585048706    , -0.104557993622    , -0.782675548344
/ANG,   1,   89.3782744473  
/REPLO  
/DIST,1,1.08222638492,1 
/REP,FAST   
/DIST,1,1.08222638492,1 
/REP,FAST   
/VIEW,  1,  0.698451934937    , -0.218094023744    , -0.681615647847
/ANG,   1,   90.8376860510  
/REPLO  
/DIST,1,1.08222638492,1 
/REP,FAST   
/DIST,1,1.08222638492,1 
/REP,FAST   
/DIST,1,1.08222638492,1 
/REP,FAST   
/VIEW,  1,  0.890511574292    ,  0.338877807479    , -0.303563778554
/ANG,   1,   88.6983639622  
/REPLO  
/VIEW,  1,  0.694570870134    ,  0.649066068027    ,  0.310297511587
/ANG,   1,   65.9231637062  
/REPLO  
/VIEW,  1,  0.813176593276E-01,  0.510796956097    ,  0.855846895141
/ANG,   1,   24.4953099458  
/REPLO  
/VIEW,  1, -0.408977024419    , -0.345573093747E-01,  0.911890117210
/ANG,   1,   15.5956887462  
/REPLO  
/VIEW,  1, -0.850621304714    , -0.174482980713    ,  0.495982948706
/ANG,   1,   19.1476119355  
/REPLO  
/VIEW,  1, -0.988323364733    ,  0.128994748350    , -0.811004415576E-01
/ANG,   1,   19.8652544746  
/REPLO  
/VIEW,  1, -0.888519923482    ,  0.170288184917    , -0.426068397858
/ANG,   1,   16.4272895243  
/REPLO  
/VIEW,  1, -0.495863620303    ,  0.769583801698E-01, -0.864983628621
/ANG,   1,   11.0239649925  
/REPLO  
/VIEW,  1,  0.185524308289    , -0.217936814108    , -0.958167144130
/ANG,   1,   11.7484354176  
/REPLO  
/VIEW,  1,  0.514712740862    , -0.489082548847    , -0.704179703490
/ANG,   1,   19.7722516656  
/REPLO  
/VIEW,  1,  0.619943132270    , -0.628469778997    , -0.469783194292
/ANG,   1,   28.5545121400  
/REPLO  
lab1a   
/COM,ANSYS RELEASE Release 17.0      BUILD 17.0      UP20151214       14:47:01
GPLOT   
FINISH  
/POST1  
SET,LIST,999
SET,,, ,,, ,1   
PLDISP,2
/USER,  1   
/DIST,  1,  0.201331357394  
/ANG,   1,  -40.8000000000  
/REPLO  
/VIEW,  1, -0.572009586023    , -0.815354523289    , -0.894540935292E-01
/ANG,   1,  -67.0463049585  
/REPLO  
/VIEW,  1, -0.964324497240    , -0.264670334875    , -0.527994879553E-02
/ANG,   1,  -73.1904370378  
/REPLO  
/VIEW,  1, -0.885752667286    , -0.625367587698E-01, -0.459925391991
/ANG,   1,  -68.4811098274  
/REPLO  
/VIEW,  1, -0.953065859155    ,  0.278977465506    ,  0.117630956186
/ANG,   1,  -63.8927431182  
/REPLO  
/VIEW,  1, -0.846843062256    ,  0.498848264246    , -0.184410512630
/ANG,   1,  -72.5376384379  
/REPLO  
SET,NEXT
PLDISP,2
/VIEW,  1, -0.968917349761    ,  0.136087649645    , -0.206589740662
/ANG,   1,  -72.3134081620  
/REPLO  
/VIEW,  1, -0.800337487279    , -0.648374864201E-02, -0.599514693281
/ANG,   1,  -73.5932603558  
/REPLO  
/VIEW,  1, -0.906943116919    , -0.421179122185    , -0.789491661466E-02
/ANG,   1,  -82.2466160463  
/REPLO  
/VIEW,  1, -0.975816798938    , -0.175201450937    ,  0.130713528373
/ANG,   1,  -84.4125264385  
/REPLO  
/VIEW,  1, -0.897562963915    , -0.229611610328    ,  0.376376452785
/ANG,   1,  -87.1684464044  
/REPLO  
set,next
pldisp,2
/VIEW,  1, -0.973753450797    , -0.222163039570    , -0.494752555286E-01
/ANG,   1,  -81.2121351852  
/REPLO  
SET,LIST,999
SET,,, ,,, ,6   
PLDISP,2
/VIEW,  1, -0.970998168946    ,  0.109689786323    , -0.212439889569
/ANG,   1,  -80.9659073481  
/REPLO  
GPLOT   
/VIEW,  1, -0.737521514072    ,  0.617272610869    , -0.273927983515
/ANG,   1,  -84.8881766621  
/REPLO  
PLDISP,2
/VIEW,  1, -0.308495014652    ,  0.941570461375    , -0.135188358233
/ANG,   1,  -89.3247429389  
/REPLO  
/VIEW,  1,  0.247341817713    ,  0.850108065902    , -0.464906766458
/ANG,   1,  -179.491415904  
/REPLO  
/VIEW,  1,  0.218719058478    ,  0.953532961150    , -0.207212126719
/ANG,   1,   163.560721554  
/REPLO  
/VIEW,  1, -0.418366865533    ,  0.856070623810    , -0.303500004733
/ANG,   1,  -101.674819326  
/REPLO  
/VIEW,  1, -0.720870753688    ,  0.629323335505    , -0.290340310439
/ANG,   1,  -91.6312455090  
/REPLO  
/VIEW,  1, -0.311572937999    ,  0.251561393658    , -0.916318268686
/ANG,   1,  -114.720366749  
/REPLO  
/VIEW,  1, -0.758806661891    ,  0.440432084502    , -0.479824998110
/ANG,   1,  -100.847084961  
/REPLO  
/VIEW,  1, -0.882905877049    ,  0.468865745556    , -0.253401838352E-01
/ANG,   1,  -86.6334035974  
/REPLO  
/VIEW,  1, -0.842249594716    ,  0.411672163478    ,  0.348054090651
/ANG,   1,  -76.0124332041  
/REPLO  
/VIEW,  1, -0.551096280093    ,  0.395190092593    , -0.734926990104
/ANG,   1,  -112.693891583  
/REPLO  
/VIEW,  1, -0.303567741382    ,  0.419061686961    , -0.855706683925
/ANG,   1,  -120.287297915  
/REPLO  
SET,LIST,999
SET,,, ,,, ,4   
PLDISP,2
/VIEW,  1, -0.506056319979    ,  0.561699808386    , -0.654522976120
/ANG,   1,  -111.251889249  
/REPLO  
/VIEW,  1, -0.852187287828    ,  0.388664690062    , -0.350309270735
/ANG,   1,  -96.8076874469  
/REPLO  
/VIEW,  1, -0.895029421301    ,  0.390590089754    , -0.215317711283
/ANG,   1,  -93.3561560348  
/REPLO  
SET,LIST,999
lab1a   
/COM,ANSYS RELEASE Release 17.0      BUILD 17.0      UP20151214       14:50:36
SET,LAST
SET,LIST,999
SET,,, ,,, ,6   
PLDISP,2
/USER,  1   
/VIEW,  1, -0.806836722591    , -0.543463738024    , -0.231649883514
/ANG,   1,  -16.6678519566  
/REPLO  
/VIEW,  1, -0.672270206998    , -0.735897983286    ,  0.806655253403E-01
/ANG,   1,  -31.4140230462  
/REPLO  
/VIEW,  1, -0.367160366740    , -0.359419322244    ,  0.857910843790
/ANG,   1,  -67.7091332035  
/REPLO  
/VIEW,  1, -0.125912001542    , -0.573918927285    ,  0.809174414309
/ANG,   1,  -74.1928196704  
/REPLO  
/VIEW,  1, -0.265479098413    , -0.963197686794    ,  0.420840166872E-01
/ANG,   1,  -9.39529564812  
/REPLO  
/VIEW,  1,  0.414323797851    , -0.668100924987    ,  0.618042833924
/ANG,   1,  -115.761190083  
/REPLO  
/VIEW,  1,  0.864687074765    , -0.311540937149    ,  0.394028561420
/ANG,   1,  -130.728385628  
/REPLO  
SET,LIST,999
SET,,, ,,, ,8   
!*  
PLDI, , 
ANMODE,10,0.5, ,0   
!*  
/VIEW,  1,  0.856411888896    , -0.159532424063    ,  0.491027577871
/ANG,   1,  -129.336852844  
/REPLO  
/VIEW,  1,  0.985304635297    ,  0.110446475505    ,  0.130293329496
/ANG,   1,  -129.578555259  
/REPLO  
/VIEW,  1,  0.737243652349    ,  0.627051401871    ,  0.251551856448
/ANG,   1,  -131.789090299  
/REPLO  
FINISH  
/PREP7  
lab1a   
/COM,ANSYS RELEASE Release 17.0      BUILD 17.0      UP20151214       14:57:56
GPLOT   
/USER,  1   
/VIEW,  1, -0.867107141998    , -0.462905272740    ,  0.183967151321
/ANG,   1,  -29.4118933217  
/REPLO  
/VIEW,  1, -0.179128716419    , -0.958700746334E-01,  0.979143417352
/ANG,   1,  -44.5500779922  
/REPLO  
/VIEW,  1,  0.365048095719    , -0.358267385205    ,  0.859292946852
/ANG,   1,  -50.1975748071  
/REPLO  
/VIEW,  1,  0.590089976443    , -0.695379841618    ,  0.410171544080
/ANG,   1,  -68.5212130733  
/REPLO  
lab1a   
/COM,ANSYS RELEASE Release 17.0      BUILD 17.0      UP20151214       15:00:33
lab1a   
/COM,ANSYS RELEASE Release 17.0      BUILD 17.0      UP20151214       15:00:40
GPLOT   
/USER,  1   
/VIEW,  1, -0.535066768924    , -0.626970816364    ,  0.566225351093
/ANG,   1,  -57.7207108306  
/REPLO  
/VIEW,  1, -0.945023649370E-01, -0.471759688711    ,  0.876648218574
/ANG,   1,  -78.7154857758  
/REPLO  
/VIEW,  1,  0.660421236542    , -0.192535046627    ,  0.725792013007
/ANG,   1,  -96.5242541569  
/REPLO  
/VIEW,  1,  0.901263542809    , -0.247316454682    ,  0.355750752137
/ANG,   1,  -103.042481162  
/REPLO  
/VIEW,  1,  0.755288878818    , -0.110593741858    ,  0.645993601977
/ANG,   1,  -99.4692879281  
/REPLO  
/VIEW,  1,  0.641436403056    ,  0.101087275640    ,  0.760487148832
/ANG,   1,  -99.5113922347  
/REPLO  
/VIEW,  1,  0.867668595317    ,  0.264523485396    ,  0.420925806259
/ANG,   1,  -95.2731581983  
/REPLO  
/VIEW,  1,  0.761875787266    ,  0.625511604142    ,  0.168168123798
/ANG,   1,  -89.0261720775  
/REPLO  
lab1a   
/COM,ANSYS RELEASE Release 17.0      BUILD 17.0      UP20151214       15:01:26
lab1a   
/COM,ANSYS RELEASE Release 17.0      BUILD 17.0      UP20151214       15:01:32
GPLOT   
lab1a   
/COM,ANSYS RELEASE Release 17.0      BUILD 17.0      UP20151214       15:02:53
GPLOT   
/USER,  1   
/VIEW,  1, -0.615606064208    , -0.775580552123    ,  0.139656653545
/ANG,   1,  -40.1807330831  
/REPLO  
/VIEW,  1, -0.259863160256    , -0.502946258721    ,  0.824327725350
/ANG,   1,  -79.5113121806  
/REPLO  
/VIEW,  1,  0.226106949654    , -0.256341860734    ,  0.939768321318
/ANG,   1,  -90.4578294553  
/REPLO  
SET,LIST,999
SET,,, ,,, ,5   
PLDISP,2
/VIEW,  1,  0.655152008407    , -0.308524772827    ,  0.689629110778
/ANG,   1,  -97.8752846952  
/REPLO  
/VIEW,  1,  0.765608167519    , -0.599974843135    ,  0.232108426026
/ANG,   1,  -111.690749644  
/REPLO  
/VIEW,  1,  0.709490862245    , -0.644805966067    , -0.284337796495
/ANG,   1,  -135.067945470  
/REPLO  
/VIEW,  1,  0.842418930870    , -0.531426819116    ,  0.889712360096E-01
/ANG,   1,  -119.022528862  
/REPLO  
/VIEW,  1,  0.807688322977    , -0.155427187596    ,  0.568754747042
/ANG,   1,  -108.779375713  
/REPLO  
/DIST,1,0.924021086472,1
/REP,FAST   
/DIST,1,0.924021086472,1
/REP,FAST   
/DIST,1,0.924021086472,1
/REP,FAST   
/DIST,1,0.924021086472,1
/REP,FAST   
/DIST,1,0.924021086472,1
/REP,FAST   
/DIST,1,0.924021086472,1
/REP,FAST   
/DIST,1,0.924021086472,1
/REP,FAST   
/VIEW,  1,  0.311319284033    ,  0.523604315475    ,  0.793044024128
/ANG,   1,  -116.947118262  
/REPLO  
/VIEW,  1,  0.983156404468    , -0.170555451605    ,  0.656835008289E-01
/ANG,   1,  -94.6614982992  
/REPLO  
/VIEW,  1,  0.921863822349    , -0.161249634023    ,  0.352371463902
/ANG,   1,  -91.8930774554  
/REPLO  
/VIEW,  1,  0.962626510541    , -0.222771683199    ,  0.154022655374
/ANG,   1,  -94.2562245409  
/REPLO  
/VIEW,  1,  0.972047493845    , -0.225616198790    ,  0.649692277446E-01
/ANG,   1,  -95.4330410244  
/REPLO  
/VIEW,  1,  0.971337405218    , -0.233777167600    ,  0.430334885013E-01
/ANG,   1,  -95.7318387126  
/REPLO  
/VIEW,  1,  0.963637888462    ,  0.344581136845E-01,  0.264980486683
/ANG,   1,  -94.4216716060  
/REPLO  
/VIEW,  1,  0.584512611753    ,  0.261614828846    ,  0.768051227477
/ANG,   1,  -102.146838946  
/REPLO  
SET,LIST,999
SAVE
FINISH  
! /EXIT,ALL 
