/BATCH  
/COM,ANSYS RELEASE Release 17.0      BUILD 17.0      UP20151214       12:06:22
/input,menust,tmp,''
/GRA,POWER
/GST,ON
/PLO,INFO,3
/GRO,CURL,ON
/CPLANE,1   
/REPLOT,RESIZE  
WPSTYLE,,,,,,,,0
/REPLOT,RESIZE  
lab2.mac
/COM,ANSYS RELEASE Release 17.0      BUILD 17.0      UP20151214       12:36:10
GPLOT   
!*  
/PSF,DEFA, ,1,0,1   
/PBF,DEFA, ,1   
/PSYMB,CS,0 
/PSYMB,NDIR,0   
/PSYMB,ESYS,0   
/PSYMB,LDIV,0   
/PSYMB,LDIR,0   
/PSYMB,ADIR,0   
/PSYMB,ECON,0   
/PSYMB,XNODE,0  
/PSYMB,DOT,1
/PSYMB,PCONV,   
/PSYMB,LAYR,0   
/PSYMB,FBCS,0   
!*  
/PBC,ALL, ,1
/REP
!*  
/PREP7  
FINISH  
/SOL
!*  
!*  
ANTYPE,3
!*  
!*  
lab2.mac
/COM,ANSYS RELEASE Release 17.0      BUILD 17.0      UP20151214       12:45:02
SET,LIST,999
SET,,, ,,, ,1   
PLDISP,1
SET,LIST,999
SET,,, ,,, ,2   
PLDISP,1
SET,LIST,999
/DIST,1,1.08222638492,1 
/REP,FAST   
/DIST,1,1.08222638492,1 
/REP,FAST   
/DIST,1,1.08222638492,1 
/REP,FAST   
/DIST,1,1.08222638492,1 
/REP,FAST   
/DIST,1,1.08222638492,1 
/REP,FAST   
/DIST,1,1.08222638492,1 
/REP,FAST   
/DIST,1,1.08222638492,1 
/REP,FAST   
/DIST,1,1.08222638492,1 
/REP,FAST   
!*  
ANHARM,12,0.5   
!*  
SET,LIST,999
SET,,, ,,, ,15  
!*  
ANHARM,12,0.5   
!*  
FINISH  
/POST26 
FILE,'lab2','rst','.'   
/UI,COLL,1  
NUMVAR,200  
SOLU,191,NCMIT  
STORE,MERGE 
PLCPLX,0
PRCPLX,1
FILLDATA,191,,,,1,1 
REALVAR,191,191 
!*  
NSOL,2,2,U,Y,UY_2,  
STORE,MERGE 
XVAR,1  
PLVAR,2,
lab2.mac
/COM,ANSYS RELEASE Release 17.0      BUILD 17.0      UP20151214       12:58:43
lab2.mac
/COM,ANSYS RELEASE Release 17.0      BUILD 17.0      UP20151214       12:59:25
lab2.mac
/COM,ANSYS RELEASE Release 17.0      BUILD 17.0      UP20151214       12:59:36
lab2.mac
/COM,ANSYS RELEASE Release 17.0      BUILD 17.0      UP20151214       13:00:15
/RGB,INDEX,100,100,100, 0   
/RGB,INDEX, 80, 80, 80,13   
/RGB,INDEX, 60, 60, 60,14   
/RGB,INDEX, 0, 0, 0,15  
/REPLOT 
lab2.mac
/COM,ANSYS RELEASE Release 17.0      BUILD 17.0      UP20151214       13:04:50
lab2.mac
/COM,ANSYS RELEASE Release 17.0      BUILD 17.0      UP20151214       13:06:10
lab2.mac
/COM,ANSYS RELEASE Release 17.0      BUILD 17.0      UP20151214       13:08:44
lab2.mac
/COM,ANSYS RELEASE Release 17.0      BUILD 17.0      UP20151214       13:12:42
lab2.mac
/COM,ANSYS RELEASE Release 17.0      BUILD 17.0      UP20151214       13:12:52
lab2.mac
/COM,ANSYS RELEASE Release 17.0      BUILD 17.0      UP20151214       13:13:40
lab2.mac
/COM,ANSYS RELEASE Release 17.0      BUILD 17.0      UP20151214       13:19:40
lab2.mac
/COM,ANSYS RELEASE Release 17.0      BUILD 17.0      UP20151214       13:21:14
FINISH  
! /EXIT,NOSAV   
/BATCH  
/COM,ANSYS RELEASE Release 17.0      BUILD 17.0      UP20151214       13:21:57
/input,menust,tmp,''
/GRA,POWER
/GST,ON
/PLO,INFO,3
/GRO,CURL,ON
/CPLANE,1   
/REPLOT,RESIZE  
WPSTYLE,,,,,,,,0
/REPLOT,RESIZE  
/REPLOT,RESIZE  
